<?xml version="1.0" encoding="UTF-8"?>
<!-- Generated by org.testng.reporters.JUnitReportReporter -->
<testsuite hostname="DESKTOP-1N1OEKN" failures="0" tests="5" name="com.run.RunQA" time="254.303" errors="0" timestamp="2022-04-24T12:42:28 EDT" skipped="0">
  <testcase classname="com.run.RunQA" name="runScenario" time="17.497"/>
  <system-out/>
  <testcase classname="com.run.RunQA" name="runScenario" time="40.442"/>
  <system-out/>
  <testcase classname="com.run.RunQA" name="runScenario" time="16.002"/>
  <system-out/>
  <testcase classname="com.run.RunQA" name="runScenario" time="45.492"/>
  <system-out/>
  <testcase classname="com.run.RunQA" name="runScenario" time="134.870"/>
  <system-out/>
</testsuite> <!-- com.run.RunQA -->
